<?xml version="1.0" encoding="UTF-8"?>
<testng-results skipped="0" failed="0" ignored="0" total="0" passed="0">
  <reporter-output>
  </reporter-output>
  <suite name="All Test Suite" duration-ms="2" started-at="2023-11-25T14:31:44Z" finished-at="2023-11-25T14:31:44Z">
    <groups>
    </groups>
    <test name="C:/Users/Mohanad/IdeaProjects/com.simpliLearn/pom.xml" duration-ms="2" started-at="2023-11-25T14:31:44Z" finished-at="2023-11-25T14:31:44Z">
    </test> <!-- C:/Users/Mohanad/IdeaProjects/com.simpliLearn/pom.xml -->
  </suite> <!-- All Test Suite -->
</testng-results>
